<?xml version="1.0" encoding="UTF-8"?>
<testng-results skipped="0" failed="0" ignored="0" total="1" passed="1">
  <reporter-output>
  </reporter-output>
  <suite name="Suite" duration-ms="38673" started-at="2022-03-19T04:23:10Z" finished-at="2022-03-19T04:23:49Z">
    <groups>
    </groups>
    <test name="Test" duration-ms="38673" started-at="2022-03-19T04:23:10Z" finished-at="2022-03-19T04:23:49Z">
      <class name="org.newi.LoginCheck">
        <test-method status="PASS" signature="openBrowser()[pri:0, instance:org.newi.LoginCheck@5cb9f472]" name="openBrowser" is-config="true" duration-ms="16868" started-at="2022-03-19T04:23:10Z" finished-at="2022-03-19T04:23:27Z">
          <reporter-output>
          </reporter-output>
        </test-method> <!-- openBrowser -->
        <test-method status="PASS" signature="tripDetails()[pri:0, instance:org.newi.LoginCheck@5cb9f472]" name="tripDetails" duration-ms="21759" started-at="2022-03-19T04:23:27Z" finished-at="2022-03-19T04:23:49Z">
          <reporter-output>
          </reporter-output>
        </test-method> <!-- tripDetails -->
      </class> <!-- org.newi.LoginCheck -->
    </test> <!-- Test -->
  </suite> <!-- Suite -->
</testng-results>
